[17:09:35] [main/INFO]: Environment: authHost='https://authserver.mojang.com', accountsHost='https://api.mojang.com', sessionHost='https://sessionserver.mojang.com', servicesHost='https://api.minecraftservices.com', name='PROD'
[17:09:36] [main/WARN]: Ambiguity between arguments [teleport, destination] and [teleport, targets] with inputs: [Player, 0123, @e, dd12be42-52a9-4a91-a8a1-11c01849e498]
[17:09:36] [main/WARN]: Ambiguity between arguments [teleport, location] and [teleport, destination] with inputs: [0.1 -0.5 .9, 0 0 0]
[17:09:36] [main/WARN]: Ambiguity between arguments [teleport, location] and [teleport, targets] with inputs: [0.1 -0.5 .9, 0 0 0]
[17:09:36] [main/WARN]: Ambiguity between arguments [teleport, targets] and [teleport, destination] with inputs: [Player, 0123, dd12be42-52a9-4a91-a8a1-11c01849e498]
[17:09:36] [main/WARN]: Ambiguity between arguments [teleport, targets, location] and [teleport, targets, destination] with inputs: [0.1 -0.5 .9, 0 0 0]
[17:09:36] [main/INFO]: Reloading ResourceManager: Default, bukkit
[17:09:37] [Worker-Main-4/INFO]: Loaded 7 recipes
[17:09:37] [Worker-Main-4/INFO]: Loaded 927 advancements
[17:09:40] [Server thread/INFO]: Starting minecraft server version 1.16.5
[17:09:40] [Server thread/INFO]: Loading properties
[17:09:40] [Server thread/INFO]: Default game type: SURVIVAL
[17:09:40] [Server thread/INFO]: Generating keypair
[17:09:40] [Server thread/INFO]: Starting Minecraft server on *:25565
[17:09:40] [Server thread/INFO]: Using default channel type
[17:09:41] [Server thread/INFO]: Preparing level "world"
[17:09:41] [Server thread/INFO]: Preparing start region for dimension minecraft:overworld
[17:09:43] [Server thread/INFO]: Preparing spawn area: 0%
[17:09:43] [Server thread/INFO]: Preparing spawn area: 0%
[17:09:43] [Server thread/INFO]: Preparing spawn area: 0%
[17:09:43] [Server thread/INFO]: Preparing spawn area: 0%
[17:09:43] [Server thread/INFO]: Preparing spawn area: 0%
[17:09:43] [Server thread/INFO]: Preparing spawn area: 0%
[17:09:49] [Worker-Main-6/INFO]: Preparing spawn area: 83%
[17:09:49] [Worker-Main-5/INFO]: Preparing spawn area: 83%
[17:09:49] [Worker-Main-5/INFO]: Preparing spawn area: 83%
[17:09:49] [Worker-Main-5/INFO]: Preparing spawn area: 83%
[17:09:49] [Worker-Main-5/INFO]: Preparing spawn area: 83%
[17:09:49] [Worker-Main-5/INFO]: Preparing spawn area: 83%
[17:09:49] [Worker-Main-5/INFO]: Preparing spawn area: 83%
[17:09:49] [Worker-Main-5/INFO]: Preparing spawn area: 83%
[17:09:49] [Worker-Main-5/INFO]: Preparing spawn area: 83%
[17:09:49] [Worker-Main-5/INFO]: Preparing spawn area: 83%
[17:09:49] [Worker-Main-5/INFO]: Preparing spawn area: 83%
[17:09:49] [Worker-Main-5/INFO]: Preparing spawn area: 91%
[17:09:50] [Worker-Main-5/INFO]: Preparing spawn area: 91%
[17:09:50] [Worker-Main-6/INFO]: Preparing spawn area: 91%
[17:09:51] [Worker-Main-5/INFO]: Preparing spawn area: 91%
[17:09:51] [Worker-Main-6/INFO]: Preparing spawn area: 91%
[17:09:52] [Worker-Main-6/INFO]: Preparing spawn area: 91%
[17:09:52] [Worker-Main-5/INFO]: Preparing spawn area: 92%
[17:09:53] [Worker-Main-4/INFO]: Preparing spawn area: 93%
[17:09:53] [Worker-Main-5/INFO]: Preparing spawn area: 97%
[17:09:56] [Server thread/INFO]: Time elapsed: 15574 ms
[17:09:56] [Server thread/INFO]: Done (15.705s)! For help, type "help"
